<?xml version="1.0" encoding="UTF-8"?>
<!-- Generated by org.testng.reporters.JUnitReportReporter -->
<testsuite hostname="LAPTOP-F3ENBHRG" failures="0" tests="4" name="RestAssured.RestApiMethods_test" time="2.198" errors="0" timestamp="2023-10-30T22:57:21 EDT" skipped="0">
  <testcase classname="RestAssured.RestApiMethods_test" name="getApi" time="0.158"/>
  <testcase classname="RestAssured.RestApiMethods_test" name="patchApi" time="0.264"/>
  <testcase classname="RestAssured.RestApiMethods_test" name="postApi" time="0.304"/>
  <testcase classname="RestAssured.RestApiMethods_test" name="deleteApi" time="1.472"/>
</testsuite> <!-- RestAssured.RestApiMethods_test -->
