<?xml version="1.0" encoding="UTF-8"?>
<!-- Generated by org.testng.reporters.JUnitReportReporter -->
<testsuite hostname="LAPTOP-F3ENBHRG" failures="0" tests="10" name="TestNG.Search_FeatureTest" time="5.146" errors="0" timestamp="2023-10-19T18:14:57 EDT" skipped="0">
  <testcase classname="TestNG.Search_FeatureTest" name="Validate_Search_button_functional" time="3.171"/>
  <testcase classname="TestNG.Search_FeatureTest" name="ValidateProducts_meeting_the_search_criteria_IsPresent" time="1.742"/>
  <testcase classname="TestNG.Search_FeatureTest" name="ValidateInput_withLeading_and_TrailingSpaces" time="0.222"/>
  <testcase classname="TestNG.Search_FeatureTest" name="Validate_SearchInSubcategories_is_clickable" time="0.002"/>
  <testcase classname="TestNG.Search_FeatureTest" name="Assert_Sort_option" time="0.002"/>
  <testcase classname="TestNG.Search_FeatureTest" name="Validate_feature_returns_Accurate_Relevant_Results" time="0.002"/>
  <testcase classname="TestNG.Search_FeatureTest" name="ValidateSearch_with_SearchInProductDescriptions" time="0.001"/>
  <testcase classname="TestNG.Search_FeatureTest" name="Validate_Search_without_SearchInProductDescriptions" time="0.001"/>
  <testcase classname="TestNG.Search_FeatureTest" name="Assert_Empty_search_query" time="0.000"/>
  <testcase classname="TestNG.Search_FeatureTest" name="Validate_Pagination" time="0.003"/>
</testsuite> <!-- TestNG.Search_FeatureTest -->
