<?xml version="1.0" encoding="UTF-8"?>
<!-- Generated by org.testng.reporters.JUnitReportReporter -->
<testsuite hostname="LAPTOP-F3ENBHRG" failures="0" tests="1" name="RestAssured.Resr_test" time="1.375" errors="0" timestamp="2023-10-28T12:16:50 EDT" skipped="0">
  <testcase classname="RestAssured.Resr_test" name="f" time="1.375"/>
</testsuite> <!-- RestAssured.Resr_test -->
